2023-05-01 13:22:34,818 [INFO] Activator:176 - 


2023-05-01 13:22:34,825 [INFO] Activator:177 - !SESSION log4j initialized
2023-05-01 13:22:39,374 [ERROR] LogOutputStream:75 - [STDERR_REDIRECT] 
2023-05-01 13:22:40,543 [INFO] LogOutputStream:77 - [STDOUT_REDIRECT] 
2023-05-01 13:22:42,307 [INFO] LogOutputStream:77 - [STDOUT_REDIRECT] 
2023-05-01 13:23:03,991 [ERROR] LogOutputStream:75 - [STDERR_REDIRECT] SLF4J: Failed to load class "org.slf4j.impl.StaticLoggerBinder".
2023-05-01 13:23:03,992 [ERROR] LogOutputStream:75 - [STDERR_REDIRECT] SLF4J: Defaulting to no-operation (NOP) logger implementation
2023-05-01 13:23:03,992 [ERROR] LogOutputStream:75 - [STDERR_REDIRECT] SLF4J: See http://www.slf4j.org/codes.html#StaticLoggerBinder for further details.
2023-05-01 13:23:55,277 [INFO] Activator:176 - 


2023-05-01 13:23:55,280 [INFO] Activator:177 - !SESSION log4j initialized
2023-05-01 13:23:59,368 [ERROR] LogOutputStream:75 - [STDERR_REDIRECT] 
2023-05-01 13:24:00,102 [INFO] LogOutputStream:77 - [STDOUT_REDIRECT] 
2023-05-01 13:24:01,939 [INFO] LogOutputStream:77 - [STDOUT_REDIRECT] 
2023-05-01 13:24:23,018 [ERROR] LogOutputStream:75 - [STDERR_REDIRECT] SLF4J: Failed to load class "org.slf4j.impl.StaticLoggerBinder".
2023-05-01 13:24:23,019 [ERROR] LogOutputStream:75 - [STDERR_REDIRECT] SLF4J: Defaulting to no-operation (NOP) logger implementation
2023-05-01 13:24:23,020 [ERROR] LogOutputStream:75 - [STDERR_REDIRECT] SLF4J: See http://www.slf4j.org/codes.html#StaticLoggerBinder for further details.
2023-05-01 13:27:50,160 [INFO] McuFinderGlobals:53 - Set McuFinder mode to 2 (CubeIDE integrated)
2023-05-01 13:27:50,446 [INFO] ApplicationProperties:184 - Using Application install path: /Applications/STM32CubeIDE.app/Contents/Eclipse/plugins/com.st.stm32cube.common.mx_6.8.0.202302231600
2023-05-01 13:27:50,473 [INFO] DbMcusXml:78 - Set database path to: /Applications/STM32CubeIDE.app/Contents/Eclipse/plugins/com.st.stm32cube.common.mx_6.8.0.202302231600//db//mcu/
2023-05-01 13:27:50,473 [INFO] ApiDb:274 - Set plugin database path to: /Applications/STM32CubeIDE.app/Contents/Eclipse/plugins/com.st.stm32cube.common.mx_6.8.0.202302231600//db//plugins/boardmanager/
2023-05-01 13:27:50,477 [WARN] ApiDb:259 - Overriding images path with different value:  => /Applications/STM32CubeIDE.app/Contents/Eclipse/plugins/com.st.stm32cube.common.mx_6.8.0.202302231600//db//plugins/mcufinder/images/
2023-05-01 13:27:50,496 [INFO] ApiDb:250 - Set database path to: /Users/naonao/.stmcufinder/plugins/mcufinder//mcu/
2023-05-01 13:27:50,498 [INFO] DbMcusAds:125 - Set database path to: /Users/naonao/.stmcufinder/plugins/mcufinder//mcu/
2023-05-01 13:27:50,503 [INFO] CrossReferenceDbSqlite:203 - Set database path to: /Users/naonao/.stmcufinder/plugins/mcufinder//mcu/cs/
2023-05-01 13:27:50,634 [INFO] RulesReader:64 - Compatibility file has been processed (293 Rules)
2023-05-01 13:27:50,715 [INFO] DbMcusXml:78 - Set database path to: /Applications/STM32CubeIDE.app/Contents/Eclipse/plugins/com.st.stm32cube.common.mx_6.8.0.202302231600//db//mcu/
2023-05-01 13:27:50,715 [INFO] ApiDb:274 - Set plugin database path to: /Applications/STM32CubeIDE.app/Contents/Eclipse/plugins/com.st.stm32cube.common.mx_6.8.0.202302231600//db//plugins/boardmanager/
2023-05-01 13:27:50,715 [INFO] ApiDb:261 - Set plugin images path to: /Applications/STM32CubeIDE.app/Contents/Eclipse/plugins/com.st.stm32cube.common.mx_6.8.0.202302231600//db//plugins/mcufinder/images/
2023-05-01 13:27:50,715 [WARN] DbFile:41 - Overriding database path with different value: /Users/naonao/.stmcufinder/plugins/mcufinder/ => /Users/naonao/.stmcufinder/plugins/mcufinder
2023-05-01 13:27:50,716 [INFO] ApiDb:250 - Set database path to: /Users/naonao/.stmcufinder/plugins/mcufinder//mcu/
2023-05-01 13:27:50,716 [WARN] DbFile:41 - Overriding database path with different value: /Users/naonao/.stmcufinder/plugins/mcufinder/ => /Users/naonao/.stmcufinder/plugins/mcufinder
2023-05-01 13:27:50,716 [INFO] DbMcusAds:125 - Set database path to: /Users/naonao/.stmcufinder/plugins/mcufinder//mcu/
2023-05-01 13:27:50,716 [WARN] DbFile:41 - Overriding database path with different value: /Users/naonao/.stmcufinder/plugins/mcufinder/ => /Users/naonao/.stmcufinder/plugins/mcufinder
2023-05-01 13:27:50,716 [WARN] DbFile:41 - Overriding database path with different value: /Users/naonao/.stmcufinder/plugins/mcufinder/ => /Users/naonao/.stmcufinder/plugins/mcufinder
2023-05-01 13:27:50,716 [INFO] CrossReferenceDbSqlite:203 - Set database path to: /Users/naonao/.stmcufinder/plugins/mcufinder//mcu/cs/
2023-05-01 13:27:50,814 [INFO] MainPanel:253 - HeapMemory: 447741952
2023-05-01 13:27:50,956 [INFO] DbMcusXml:78 - Set database path to: /Applications/STM32CubeIDE.app/Contents/Eclipse/plugins/com.st.stm32cube.common.mx_6.8.0.202302231600//db//mcu/
2023-05-01 13:27:50,957 [INFO] ApiDb:274 - Set plugin database path to: /Applications/STM32CubeIDE.app/Contents/Eclipse/plugins/com.st.stm32cube.common.mx_6.8.0.202302231600//db//plugins/boardmanager/
2023-05-01 13:27:50,957 [INFO] ApiDb:261 - Set plugin images path to: /Applications/STM32CubeIDE.app/Contents/Eclipse/plugins/com.st.stm32cube.common.mx_6.8.0.202302231600//db//plugins/mcufinder/images/
2023-05-01 13:27:50,958 [WARN] DbFile:41 - Overriding database path with different value: /Users/naonao/.stmcufinder/plugins/mcufinder/ => /Users/naonao/.stmcufinder/plugins/mcufinder
2023-05-01 13:27:50,958 [INFO] ApiDb:250 - Set database path to: /Users/naonao/.stmcufinder/plugins/mcufinder//mcu/
2023-05-01 13:27:50,958 [WARN] DbFile:41 - Overriding database path with different value: /Users/naonao/.stmcufinder/plugins/mcufinder/ => /Users/naonao/.stmcufinder/plugins/mcufinder
2023-05-01 13:27:50,959 [INFO] DbMcusAds:125 - Set database path to: /Users/naonao/.stmcufinder/plugins/mcufinder//mcu/
2023-05-01 13:27:50,959 [WARN] DbFile:41 - Overriding database path with different value: /Users/naonao/.stmcufinder/plugins/mcufinder/ => /Users/naonao/.stmcufinder/plugins/mcufinder
2023-05-01 13:27:50,959 [WARN] DbFile:41 - Overriding database path with different value: /Users/naonao/.stmcufinder/plugins/mcufinder/ => /Users/naonao/.stmcufinder/plugins/mcufinder
2023-05-01 13:27:50,959 [INFO] CrossReferenceDbSqlite:203 - Set database path to: /Users/naonao/.stmcufinder/plugins/mcufinder//mcu/cs/
2023-05-01 13:27:50,981 [INFO] ApplicationProperties:184 - Using Application install path: /Applications/STM32CubeIDE.app/Contents/Eclipse/plugins/com.st.stm32cube.common.mx_6.8.0.202302231600
2023-05-01 13:27:50,984 [INFO] PluginManage:196 - Search for loadable plugins [exclusion list=, ]
2023-05-01 13:27:50,986 [INFO] PluginManage:310 - Check plugin analytics
2023-05-01 13:27:51,198 [INFO] AnalyticsPlugin:253 - Accepted Software Licenses: 
2023-05-01 13:27:51,199 [INFO] AnalyticsPlugin:255 - Accepted CMSIS Pack Licenses: 
2023-05-01 13:27:51,199 [INFO] AnalyticsPlugin:257 - Accepted Firmware Licenses: 
2023-05-01 13:27:51,207 [INFO] PluginManage:359 - Loaded plugin analytics (category:tool,tabindex:-1)
2023-05-01 13:27:51,207 [INFO] PluginManage:310 - Check plugin cadmodel
2023-05-01 13:27:53,217 [INFO] CADModel:105 - Init CAD model plugin
2023-05-01 13:27:53,217 [INFO] PluginManage:359 - Loaded plugin cadmodel (category:power,tabindex:5)
2023-05-01 13:27:53,217 [INFO] PluginManage:310 - Check plugin clock
2023-05-01 13:27:53,233 [INFO] PluginManage:359 - Loaded plugin clock (category:base,tabindex:2)
2023-05-01 13:27:53,233 [INFO] PluginManage:310 - Check plugin ddr
2023-05-01 13:27:53,237 [INFO] PluginManage:359 - Loaded plugin ddr (category:tool,tabindex:6)
2023-05-01 13:27:53,237 [INFO] PluginManage:310 - Check plugin filemanager
2023-05-01 13:27:53,439 [INFO] PluginManage:359 - Loaded plugin filemanager (category:base,tabindex:10)
2023-05-01 13:27:53,439 [INFO] PluginManage:310 - Check plugin ipmanager
2023-05-01 13:27:53,449 [INFO] PluginManage:359 - Loaded plugin ipmanager (category:base,tabindex:5)
2023-05-01 13:27:53,450 [INFO] PluginManage:310 - Check plugin lpbam
2023-05-01 13:27:53,465 [INFO] PluginManage:359 - Loaded plugin lpbam (category:base,tabindex:0)
2023-05-01 13:27:53,465 [INFO] PluginManage:310 - Check plugin pinoutandconfiguration
2023-05-01 13:27:53,478 [INFO] PluginManage:359 - Loaded plugin pinoutandconfiguration (category:base,tabindex:1)
2023-05-01 13:27:53,478 [INFO] PluginManage:310 - Check plugin pinoutconfig
2023-05-01 13:27:53,638 [WARN] SupportedApi:132 - Cannot load RTOS API schema: s4s-elt-must-match.1: The content of 'definitions' must match (annotation?, (simpleType | complexType)?, (unique | key | keyref)*)). A problem was found starting at: attribute.
2023-05-01 13:27:53,838 [INFO] PluginManage:359 - Loaded plugin pinoutconfig (category:base,tabindex:0)
2023-05-01 13:27:53,839 [INFO] PluginManage:310 - Check plugin power
2023-05-01 13:27:53,858 [INFO] PluginManage:359 - Loaded plugin power (category:power,tabindex:4)
2023-05-01 13:27:53,858 [INFO] PluginManage:310 - Check plugin projectmanager
2023-05-01 13:27:53,884 [INFO] PluginManage:359 - Loaded plugin projectmanager (category:projectmanager,tabindex:3)
2023-05-01 13:27:53,884 [INFO] PluginManage:310 - Check plugin thirdparty
2023-05-01 13:27:54,083 [INFO] PluginManage:359 - Loaded plugin thirdparty (category:base,tabindex:-1)
2023-05-01 13:27:54,083 [INFO] PluginManage:310 - Check plugin tools
2023-05-01 13:27:54,082 [WARN] IntegrityCheckThread:84 - waiting for thirdparty lock release [integrity check]
2023-05-01 13:27:54,084 [INFO] IntegrityCheckThread:86 - entering critical section [integrity check]
2023-05-01 13:27:54,086 [INFO] ThirdPartyUpdaterWithRetryManager:70 - Updater plugin not ready yet. [1/15]
2023-05-01 13:27:54,087 [INFO] PluginManage:359 - Loaded plugin tools (category:base,tabindex:7)
2023-05-01 13:27:54,087 [INFO] PluginManage:310 - Check plugin tutovideos
2023-05-01 13:27:54,426 [INFO] PluginManage:359 - Loaded plugin tutovideos (category:base,tabindex:-1)
2023-05-01 13:27:54,427 [INFO] PluginManage:310 - Check plugin updater
2023-05-01 13:27:54,446 [INFO] PluginManage:359 - Loaded plugin updater (category:base,tabindex:12)
2023-05-01 13:27:54,446 [INFO] PluginManage:283 - PluginManage : Loaded plugins [15]
2023-05-01 13:27:54,728 [INFO] PinOutPanel:1499 - setPackage(No Configuration,No Configuration)
2023-05-01 13:27:54,814 [INFO] CADModel:165 - CPN selected for project level
2023-05-01 13:27:54,814 [INFO] CADModel:114 - Register for checkConnection events
2023-05-01 13:27:54,835 [INFO] IPUIPlugin:80 - create IPUIPlugin
2023-05-01 13:27:54,836 [INFO] PluginManager:220 - loadIPPluginJar : add mdma
2023-05-01 13:27:54,849 [INFO] IPUIPlugin:80 - create IPUIPlugin
2023-05-01 13:27:54,849 [INFO] PluginManager:220 - loadIPPluginJar : add freertos
2023-05-01 13:27:54,857 [INFO] IPUIPlugin:80 - create IPUIPlugin
2023-05-01 13:27:54,858 [INFO] PluginManager:220 - loadIPPluginJar : add gic
2023-05-01 13:27:54,876 [INFO] IPUIPlugin:80 - create IPUIPlugin
2023-05-01 13:27:54,876 [INFO] PluginManager:220 - loadIPPluginJar : add adc
2023-05-01 13:27:54,880 [INFO] IPUIPlugin:80 - create IPUIPlugin
2023-05-01 13:27:54,880 [INFO] PluginManager:220 - loadIPPluginJar : add gtzc
2023-05-01 13:27:54,882 [INFO] IPUIPlugin:80 - create IPUIPlugin
2023-05-01 13:27:54,882 [INFO] PluginManager:220 - loadIPPluginJar : add quadspi
2023-05-01 13:27:54,886 [INFO] IPUIPlugin:80 - create IPUIPlugin
2023-05-01 13:27:54,886 [INFO] PluginManager:220 - loadIPPluginJar : add aes
2023-05-01 13:27:54,890 [INFO] IPUIPlugin:80 - create IPUIPlugin
2023-05-01 13:27:54,890 [INFO] PluginManager:220 - loadIPPluginJar : add pdm2pcm
2023-05-01 13:27:54,894 [INFO] IPUIPlugin:80 - create IPUIPlugin
2023-05-01 13:27:54,894 [INFO] PluginManager:220 - loadIPPluginJar : add hash
2023-05-01 13:27:54,896 [INFO] IPUIPlugin:80 - create IPUIPlugin
2023-05-01 13:27:54,896 [INFO] PluginManager:220 - loadIPPluginJar : add tim
2023-05-01 13:27:54,898 [INFO] IPUIPlugin:80 - create IPUIPlugin
2023-05-01 13:27:54,899 [INFO] PluginManager:220 - loadIPPluginJar : add tsc
2023-05-01 13:27:54,901 [INFO] IPUIPlugin:80 - create IPUIPlugin
2023-05-01 13:27:54,901 [INFO] PluginManager:220 - loadIPPluginJar : add ts
2023-05-01 13:27:54,905 [INFO] IPUIPlugin:80 - create IPUIPlugin
2023-05-01 13:27:54,905 [INFO] PluginManager:220 - loadIPPluginJar : add can
2023-05-01 13:27:54,908 [INFO] IPUIPlugin:80 - create IPUIPlugin
2023-05-01 13:27:54,908 [INFO] PluginManager:220 - loadIPPluginJar : add dma3
2023-05-01 13:27:54,912 [INFO] IPUIPlugin:80 - create IPUIPlugin
2023-05-01 13:27:54,912 [INFO] PluginManager:220 - loadIPPluginJar : add dfsdm
2023-05-01 13:27:54,917 [INFO] IPUIPlugin:80 - create IPUIPlugin
2023-05-01 13:27:54,917 [INFO] PluginManager:220 - loadIPPluginJar : add spi
2023-05-01 13:27:54,921 [INFO] IPUIPlugin:80 - create IPUIPlugin
2023-05-01 13:27:54,921 [INFO] PluginManager:220 - loadIPPluginJar : add gfxmmu
2023-05-01 13:27:54,923 [INFO] IPUIPlugin:80 - create IPUIPlugin
2023-05-01 13:27:54,924 [INFO] PluginManager:220 - loadIPPluginJar : add genericplugin
2023-05-01 13:27:54,927 [INFO] IPUIPlugin:80 - create IPUIPlugin
2023-05-01 13:27:54,927 [INFO] PluginManager:220 - loadIPPluginJar : add cryp
2023-05-01 13:27:54,934 [INFO] IPUIPlugin:80 - create IPUIPlugin
2023-05-01 13:27:54,934 [INFO] PluginManager:220 - loadIPPluginJar : add gpio
2023-05-01 13:27:54,936 [INFO] IPUIPlugin:80 - create IPUIPlugin
2023-05-01 13:27:54,937 [INFO] PluginManager:220 - loadIPPluginJar : add comp
2023-05-01 13:27:54,939 [INFO] IPUIPlugin:80 - create IPUIPlugin
2023-05-01 13:27:54,939 [INFO] PluginManager:220 - loadIPPluginJar : add tracer_emb
2023-05-01 13:27:54,945 [INFO] IPUIPlugin:80 - create IPUIPlugin
2023-05-01 13:27:54,945 [INFO] PluginManager:220 - loadIPPluginJar : add openamp
2023-05-01 13:27:54,953 [INFO] IPUIPlugin:80 - create IPUIPlugin
2023-05-01 13:27:54,953 [INFO] PluginManager:220 - loadIPPluginJar : add stm32_wpan
2023-05-01 13:27:54,964 [INFO] IPUIPlugin:80 - create IPUIPlugin
2023-05-01 13:27:54,967 [INFO] PluginManager:220 - loadIPPluginJar : add plateformsettings
2023-05-01 13:27:54,973 [INFO] IPUIPlugin:80 - create IPUIPlugin
2023-05-01 13:27:54,974 [INFO] PluginManager:220 - loadIPPluginJar : add ipddr
2023-05-01 13:27:54,978 [INFO] IPUIPlugin:80 - create IPUIPlugin
2023-05-01 13:27:54,979 [INFO] PluginManager:220 - loadIPPluginJar : add usart
2023-05-01 13:27:54,981 [INFO] IPUIPlugin:80 - create IPUIPlugin
2023-05-01 13:27:54,981 [INFO] PluginManager:220 - loadIPPluginJar : add ltdc
2023-05-01 13:27:54,987 [INFO] IPUIPlugin:80 - create IPUIPlugin
2023-05-01 13:27:54,987 [INFO] PluginManager:220 - loadIPPluginJar : add nvic
2023-05-01 13:27:54,989 [INFO] IPUIPlugin:80 - create IPUIPlugin
2023-05-01 13:27:54,989 [INFO] PluginManager:220 - loadIPPluginJar : add fatfs
2023-05-01 13:27:54,999 [INFO] IPUIPlugin:80 - create IPUIPlugin
2023-05-01 13:27:55,000 [INFO] PluginManager:220 - loadIPPluginJar : add linkedlist
2023-05-01 13:27:55,009 [INFO] IPUIPlugin:80 - create IPUIPlugin
2023-05-01 13:27:55,009 [INFO] PluginManager:220 - loadIPPluginJar : add dma
2023-05-01 13:27:55,015 [INFO] IPUIPlugin:80 - create IPUIPlugin
2023-05-01 13:27:55,015 [INFO] PluginManager:220 - loadIPPluginJar : add fmc
2023-05-01 13:27:55,019 [INFO] IPUIPlugin:80 - create IPUIPlugin
2023-05-01 13:27:55,019 [INFO] PluginManager:220 - loadIPPluginJar : add i2s
2023-05-01 13:27:55,021 [INFO] IPUIPlugin:80 - create IPUIPlugin
2023-05-01 13:27:55,021 [INFO] PluginManager:220 - loadIPPluginJar : add ucpd
2023-05-01 13:27:55,024 [INFO] IPUIPlugin:80 - create IPUIPlugin
2023-05-01 13:27:55,025 [INFO] PluginManager:220 - loadIPPluginJar : add lorawan
2023-05-01 13:27:55,028 [INFO] IPUIPlugin:80 - create IPUIPlugin
2023-05-01 13:27:55,028 [INFO] PluginManager:220 - loadIPPluginJar : add opamp
2023-05-01 13:27:55,032 [INFO] IPUIPlugin:80 - create IPUIPlugin
2023-05-01 13:27:55,033 [INFO] PluginManager:220 - loadIPPluginJar : add i3c
2023-05-01 13:27:55,037 [INFO] IPUIPlugin:80 - create IPUIPlugin
2023-05-01 13:27:55,037 [INFO] PluginManager:220 - loadIPPluginJar : add touchsensing
2023-05-01 13:27:55,041 [INFO] IPUIPlugin:80 - create IPUIPlugin
2023-05-01 13:27:55,041 [INFO] PluginManager:220 - loadIPPluginJar : add i2c
2023-05-01 13:27:55,046 [INFO] IPUIPlugin:80 - create IPUIPlugin
2023-05-01 13:27:55,047 [INFO] PluginManager:220 - loadIPPluginJar : add resmgrutility
2023-05-01 13:27:55,050 [INFO] IPUIPlugin:80 - create IPUIPlugin
2023-05-01 13:27:55,051 [INFO] PluginManager:220 - loadIPPluginJar : add sai
2023-05-01 13:27:55,054 [INFO] IPUIPlugin:80 - create IPUIPlugin
2023-05-01 13:27:55,074 [INFO] PluginManager:220 - loadIPPluginJar : add usbx
2023-05-01 13:27:55,194 [INFO] CADModel:165 - CPN selected for project level
2023-05-01 13:27:55,194 [INFO] CADModel:114 - Register for checkConnection events
2023-05-01 13:27:55,194 [FATAL] Updater:308 - Updater called before beeing initialized
2023-05-01 13:27:55,195 [ERROR] CADModel:125 - Updater not yet initialized, retry later 
2023-05-01 13:27:55,369 [INFO] CADModel:165 - CPN selected for project level
2023-05-01 13:27:55,369 [INFO] CADModel:114 - Register for checkConnection events
2023-05-01 13:27:55,369 [FATAL] Updater:308 - Updater called before beeing initialized
2023-05-01 13:27:55,369 [ERROR] CADModel:125 - Updater not yet initialized, retry later 
2023-05-01 13:27:55,375 [FATAL] Updater:308 - Updater called before beeing initialized
2023-05-01 13:27:55,482 [FATAL] Updater:308 - Updater called before beeing initialized
2023-05-01 13:27:55,491 [INFO] DbMcusAds:53 - JSON generation date=Tue Mar 07 03:50:55 EST 2023 (1678179055335)
2023-05-01 13:27:55,492 [FATAL] Updater:308 - Updater called before beeing initialized
2023-05-01 13:27:55,576 [WARN] DetailPanel:346 - Failed to get advertising image, set to default
2023-05-01 13:27:55,674 [FATAL] Updater:308 - Updater called before beeing initialized
2023-05-01 13:27:55,677 [FATAL] Updater:308 - Updater called before beeing initialized
2023-05-01 13:27:55,677 [FATAL] Updater:308 - Updater called before beeing initialized
2023-05-01 13:27:55,677 [WARN] DetailPanel:346 - Failed to get advertising image, set to default
2023-05-01 13:27:55,678 [FATAL] Updater:308 - Updater called before beeing initialized
2023-05-01 13:27:55,713 [ERROR] Updater:1120 - MainUpdater not yet initialized. External WinMGr cannot be set.
2023-05-01 13:27:55,715 [INFO] Updater:1056 - Updater Version found : 6.8.0
2023-05-01 13:27:55,742 [INFO] ApplicationProperties:184 - Using Application install path: /Applications/STM32CubeIDE.app/Contents/Eclipse/plugins/com.st.stm32cube.common.mx_6.8.0.202302231600
2023-05-01 13:27:55,999 [INFO] MainUpdater:2854 - connection check result : 10
2023-05-01 13:27:56,000 [INFO] MainUpdater:3548 - Updater definition file requires update
2023-05-01 13:27:56,001 [INFO] MainUpdater:283 - Updater Check For Update Now.
2023-05-01 13:27:56,001 [INFO] MicroXplorer:498 - Change Database Version : DB.6.0.80
2023-05-01 13:27:56,058 [INFO] ServerAccessManage:473 - Download File updaters.zip
2023-05-01 13:27:56,130 [INFO] FileExtend:240 - Unzip File : updaters.zip
2023-05-01 13:27:56,130 [INFO] FileExtend:255 - Standard Zip Deflate
2023-05-01 13:27:56,366 [INFO] ServerAccessManage:473 - Download File PacksControlFlags.xml
2023-05-01 13:27:56,411 [INFO] ServerAccessManage:473 - Download File cubemx.pidx
2023-05-01 13:27:56,937 [INFO] ServerAccessManage:473 - Download File STMicroelectronics.X-CUBE-MEMS1.pdsc
2023-05-01 13:27:57,092 [WARN] MainUpdater:1187 - Updater busy. Cannot search thirdparties
2023-05-01 13:27:57,092 [INFO] ThirdPartyUpdaterWithRetryManager:96 - Updater plugin is busy. [1/15]
2023-05-01 13:27:57,620 [INFO] ServerAccessManage:473 - Download File STMicroelectronics.X-CUBE-AZRTOS-G4.pdsc
2023-05-01 13:27:59,234 [ERROR] ServerAccessManage:1096 - Problem, Http access forbiden
2023-05-01 13:27:59,235 [ERROR] ServerAccessManage:651 - Problem, Http access forbiden : RoweBots.I-CUBE-UNISONRTOS.pdsc.
2023-05-01 13:27:59,423 [WARN] PackLoader:240 - Cannot read IP mode file for STMicroelectronics.X-CUBE-MEMS1.9.6.0
2023-05-01 13:27:59,457 [INFO] CheckServerUpdateThread:120 - End of CheckServer Thread
2023-05-01 13:27:59,624 [WARN] PackLoader:240 - Cannot read IP mode file for STMicroelectronics.X-CUBE-AZRTOS-G4.2.0.0
2023-05-01 13:27:59,626 [INFO] MainUpdater:2854 - connection check result : 10
2023-05-01 13:27:59,626 [INFO] PopulateThirdPartyThread:66 - Ending populate Thread
2023-05-01 13:27:59,627 [INFO] MainUpdater:2854 - connection check result : 10
2023-05-01 13:27:59,630 [INFO] ThirdParty:1030 - CMSIS Pack Vendor :STMicroelectronics X-CUBE-AZRTOS-G4 2.0.0
2023-05-01 13:27:59,630 [INFO] ThirdParty:1030 - CMSIS Pack Vendor :STMicroelectronics X-CUBE-MEMS1 9.6.0
2023-05-01 13:27:59,630 [INFO] LoadServerUpdatesThread:373 - End of LoadServerUpdate Thread
2023-05-01 13:28:00,023 [INFO] MicroXplorer:468 - Change Database Path : 
2023-05-01 13:28:00,024 [INFO] MicroXplorer:498 - Change Database Version : DB.6.0.80
2023-05-01 13:28:00,024 [WARN] ThirdParty:871 - waiting for thirdparty lock release [close project]
2023-05-01 13:28:00,182 [WARN] PackLoader:240 - Cannot read IP mode file for STMicroelectronics.X-CUBE-GNSS1.6.0.0
2023-05-01 13:28:00,199 [WARN] PackLoader:240 - Cannot read IP mode file for STMicroelectronics.X-CUBE-AZRTOS-F4.1.1.0
2023-05-01 13:28:00,208 [WARN] PackLoader:240 - Cannot read IP mode file for STMicroelectronics.X-CUBE-SMBUS.2.1.0
2023-05-01 13:28:00,211 [WARN] PackLoader:240 - Cannot read IP mode file for wolfSSL.I-CUBE-wolfSSL.5.6.0
2023-05-01 13:28:00,238 [WARN] PackLoader:240 - Cannot read IP mode file for STMicroelectronics.X-CUBE-AZRTOS-F7.1.1.0
2023-05-01 13:28:00,288 [WARN] PackLoader:240 - Cannot read IP mode file for STMicroelectronics.X-CUBE-MEMS1.9.6.0
2023-05-01 13:28:00,475 [WARN] PackLoader:240 - Cannot read IP mode file for STMicroelectronics.X-CUBE-BLE1.6.2.4
2023-05-01 13:28:00,483 [WARN] PackLoader:240 - Cannot read IP mode file for emotas.I-CUBE-CANOPEN.1.1.3
2023-05-01 13:28:00,506 [WARN] PackLoader:240 - Cannot read IP mode file for STMicroelectronics.X-CUBE-BLEMGR.2.0.0
2023-05-01 13:28:00,525 [WARN] ConditionMgr:438 - getConditionDescription Invalid condition id : UX DEVICE CLASS RTOS Condition cause : null
2023-05-01 13:28:00,525 [WARN] ConditionMgr:438 - getConditionDescription Invalid condition id : UX DEVICE CLASS RTOS Condition cause : null
2023-05-01 13:28:00,529 [WARN] PackLoader:240 - Cannot read IP mode file for STMicroelectronics.X-CUBE-AZRTOS-H7.3.1.0
2023-05-01 13:28:00,530 [WARN] ConditionMgr:1039 - genDependencies : Invalid condition id : UX DEVICE CLASS RTOS Condition cause : null
2023-05-01 13:28:00,530 [WARN] ConditionMgr:1039 - genDependencies : Invalid condition id : UX DEVICE CLASS RTOS Condition cause : null
2023-05-01 13:28:00,531 [WARN] ConditionMgr:1039 - genDependencies : Invalid condition id : UX DEVICE CLASS RTOS Condition cause : null
2023-05-01 13:28:00,531 [WARN] ConditionMgr:1039 - genDependencies : Invalid condition id : UX DEVICE CLASS RTOS Condition cause : null
2023-05-01 13:28:00,531 [WARN] ConditionMgr:1039 - genDependencies : Invalid condition id : UX DEVICE CLASS RTOS Condition cause : null
2023-05-01 13:28:00,537 [WARN] PackLoader:240 - Cannot read IP mode file for STMicroelectronics.X-CUBE-DISPLAY.3.0.0
2023-05-01 13:28:00,545 [WARN] PackLoader:240 - Cannot read IP mode file for STMicroelectronics.X-CUBE-NFC7.1.0.0
2023-05-01 13:28:00,550 [WARN] PackLoader:240 - Cannot read IP mode file for STMicroelectronics.X-CUBE-EEPRMA1.4.1.0
2023-05-01 13:28:00,557 [WARN] PackLoader:240 - Cannot read IP mode file for WES.I-CUBE-Cesium.1.3.0
2023-05-01 13:28:00,563 [WARN] PackLoader:240 - Cannot read IP mode file for STMicroelectronics.X-CUBE-SFXS2LP1.4.0.0
2023-05-01 13:28:00,568 [WARN] PackLoader:240 - Cannot read IP mode file for STMicroelectronics.X-CUBE-BLE2.3.3.0
2023-05-01 13:28:00,572 [WARN] PackLoader:240 - Cannot read IP mode file for STMicroelectronics.X-CUBE-ISPU.1.1.0
2023-05-01 13:28:00,575 [WARN] PackLoader:240 - Cannot read IP mode file for STMicroelectronics.X-CUBE-AI.8.0.0
2023-05-01 13:28:00,579 [WARN] PackLoader:240 - Cannot read IP mode file for STMicroelectronics.X-CUBE-FREERTOS.1.0.1
2023-05-01 13:28:00,582 [WARN] PackLoader:240 - Cannot read IP mode file for STMicroelectronics.X-CUBE-TOUCHGFX.4.21.3
2023-05-01 13:28:00,586 [WARN] PackLoader:240 - Cannot read IP mode file for STMicroelectronics.X-CUBE-ALGOBUILD.1.3.0
2023-05-01 13:28:00,600 [WARN] PackLoader:240 - Cannot read IP mode file for STMicroelectronics.X-CUBE-AZRTOS-L5.1.1.0
2023-05-01 13:28:00,618 [WARN] PackLoader:240 - Cannot read IP mode file for STMicroelectronics.X-CUBE-AZRTOS-G0.1.1.0
2023-05-01 13:28:00,629 [WARN] PackLoader:240 - Cannot read IP mode file for STMicroelectronics.X-CUBE-SUBG2.5.0.0
2023-05-01 13:28:00,640 [WARN] PackLoader:240 - Cannot read IP mode file for STMicroelectronics.X-CUBE-NFC4.3.0.0
2023-05-01 13:28:00,657 [WARN] PackLoader:240 - Cannot read IP mode file for STMicroelectronics.X-CUBE-AZRTOS-G4.2.0.0
2023-05-01 13:28:00,694 [WARN] PackLoader:240 - Cannot read IP mode file for STMicroelectronics.X-CUBE-TOF1.3.3.0
2023-05-01 13:28:00,715 [WARN] PackLoader:240 - Cannot read IP mode file for STMicroelectronics.X-CUBE-AZRTOS-G4.1.0.0
2023-05-01 13:28:00,720 [WARN] PackLoader:240 - Cannot read IP mode file for STMicroelectronics.FP-ATR-SIGFOX1.3.2.0
2023-05-01 13:28:00,735 [WARN] PackLoader:240 - Cannot read IP mode file for STMicroelectronics.X-CUBE-AZRTOS-L4.1.0.0
2023-05-01 13:28:00,747 [WARN] PackLoader:240 - Cannot read IP mode file for STMicroelectronics.X-CUBE-AZRTOS-WL.1.0.0
2023-05-01 13:28:00,752 [WARN] PackLoader:240 - Cannot read IP mode file for portGmbH.I-Cube-SoM-uGOAL.1.1.0
2023-05-01 13:28:00,755 [WARN] PackLoader:240 - Cannot read IP mode file for STMicroelectronics.X-CUBE-ALS.1.0.1
2023-05-01 13:28:00,791 [WARN] PackLoader:240 - Cannot read IP mode file for STMicroelectronics.X-CUBE-MEMS1.9.5.0
2023-05-01 13:28:00,958 [WARN] PackLoader:240 - Cannot read IP mode file for STMicroelectronics.X-CUBE-AZRTOS-WB.1.1.0
2023-05-01 13:28:00,991 [WARN] PackLoader:240 - Cannot read IP mode file for SEGGER.I-CUBE-embOS.1.3.1
2023-05-01 13:28:01,026 [WARN] PackLoader:240 - Cannot read IP mode file for STMicroelectronics.FP-ATR-ASTRA1.2.0.0
2023-05-01 13:28:01,027 [INFO] ThirdParty:978 - Integrity check success = true
2023-05-01 13:28:01,027 [INFO] IntegrityCheckThread:100 - exiting critical section [integrity check]
2023-05-01 13:28:01,027 [INFO] IntegrityCheckThread:103 - End integrity checks thread
2023-05-01 13:28:01,028 [INFO] ThirdParty:873 - entering critical section [close project]
2023-05-01 13:28:01,029 [INFO] ThirdParty:883 - exiting critical section [close project]
2023-05-01 13:28:01,033 [INFO] PinOutPanel:1499 - setPackage(No Configuration,No Configuration)
2023-05-01 13:28:01,039 [INFO] UtilMem:75 - Begin LoadConfig() Used Memory: 512527016 Bytes (632291328)
2023-05-01 13:28:01,040 [INFO] MicroXplorer:468 - Change Database Path : 
2023-05-01 13:28:01,040 [INFO] MicroXplorer:498 - Change Database Version : DB.6.0.80
2023-05-01 13:28:01,040 [INFO] OpenFileManager:308 - Change cursor
2023-05-01 13:28:01,074 [INFO] Mcu:1937 - Initializing MCU STM32L496Z(E-G)Tx STM32L496ZGTx STM32L496ZGT3
2023-05-01 13:28:03,925 [INFO] Context:659 - Trying to add GPIOservice into a context  which must be forbidden
2023-05-01 13:28:04,977 [INFO] RtosManager:555 - Registered RTOS mode: class=CMSIS, group=RTOS, mode=CMSIS_V1, owner=FREERTOS
2023-05-01 13:28:04,978 [INFO] RtosManager:555 - Registered RTOS mode: class=CMSIS, group=RTOS2, mode=CMSIS_V2, owner=FREERTOS
2023-05-01 13:28:04,978 [INFO] RtosManager:555 - Registered RTOS mode: class=RTOS, group=Core, mode=CMSIS_V1, owner=FREERTOS
2023-05-01 13:28:04,978 [INFO] RtosManager:555 - Registered RTOS mode: class=RTOS, group=Core, mode=CMSIS_V2, owner=FREERTOS
2023-05-01 13:28:04,979 [WARN] ModelIntegratedComponent:184 - Missing modes for component STMicroelectronics:FreeRTOS:0.0.1:STMicroelectronics:RTOS:FreeRTOS:Core:::10.2.0:
2023-05-01 13:28:05,007 [WARN] ModelIntegratedComponent:63 - No mode defined for component null
2023-05-01 13:28:05,007 [WARN] ModelIntegratedComponent:63 - No mode defined for component null
2023-05-01 13:28:05,007 [WARN] ModelIntegratedComponent:63 - No mode defined for component null
2023-05-01 13:28:05,008 [WARN] ModelIntegratedComponent:63 - No mode defined for component null
2023-05-01 13:28:05,008 [WARN] ModelIntegratedComponent:63 - No mode defined for component null
2023-05-01 13:28:05,008 [WARN] ModelIntegratedComponent:63 - No mode defined for component null
2023-05-01 13:28:05,008 [WARN] ModelIntegratedComponent:63 - No mode defined for component null
2023-05-01 13:28:05,008 [WARN] ModelIntegratedComponent:63 - No mode defined for component null
2023-05-01 13:28:05,008 [WARN] ModelIntegratedComponent:63 - No mode defined for component null
2023-05-01 13:28:05,008 [WARN] ModelIntegratedComponent:63 - No mode defined for component null
2023-05-01 13:28:05,008 [WARN] ModelIntegratedComponent:63 - No mode defined for component null
2023-05-01 13:28:05,008 [WARN] ModelIntegratedComponent:63 - No mode defined for component null
2023-05-01 13:28:05,008 [WARN] ModelIntegratedComponent:63 - No mode defined for component null
2023-05-01 13:28:05,008 [WARN] ModelIntegratedComponent:63 - No mode defined for component null
2023-05-01 13:28:05,008 [WARN] ModelIntegratedComponent:63 - No mode defined for component null
2023-05-01 13:28:05,008 [WARN] ModelIntegratedComponent:63 - No mode defined for component null
2023-05-01 13:28:05,008 [WARN] ModelIntegratedComponent:63 - No mode defined for component null
2023-05-01 13:28:05,008 [WARN] ModelIntegratedComponent:63 - No mode defined for component null
2023-05-01 13:28:05,008 [WARN] ModelIntegratedComponent:63 - No mode defined for component null
2023-05-01 13:28:05,008 [WARN] ModelIntegratedComponent:63 - No mode defined for component null
2023-05-01 13:28:05,008 [WARN] ModelIntegratedComponent:63 - No mode defined for component null
2023-05-01 13:28:05,008 [WARN] ModelIntegratedComponent:63 - No mode defined for component null
2023-05-01 13:28:05,009 [WARN] ModelIntegratedComponent:63 - No mode defined for component null
2023-05-01 13:28:05,009 [WARN] ModelIntegratedComponent:63 - No mode defined for component null
2023-05-01 13:28:05,009 [WARN] ModelIntegratedComponent:63 - No mode defined for component null
2023-05-01 13:28:05,009 [WARN] ModelIntegratedComponent:63 - No mode defined for component null
2023-05-01 13:28:05,009 [WARN] ModelIntegratedComponent:63 - No mode defined for component null
2023-05-01 13:28:05,009 [WARN] ModelIntegratedComponent:63 - No mode defined for component null
2023-05-01 13:28:05,009 [WARN] ModelIntegratedComponent:63 - No mode defined for component null
2023-05-01 13:28:05,009 [WARN] ModelIntegratedComponent:63 - No mode defined for component null
2023-05-01 13:28:05,009 [WARN] ModelIntegratedComponent:63 - No mode defined for component null
2023-05-01 13:28:05,009 [WARN] ModelIntegratedComponent:63 - No mode defined for component null
2023-05-01 13:28:05,009 [WARN] ModelIntegratedComponent:63 - No mode defined for component null
2023-05-01 13:28:05,098 [INFO] ThirdPartyModel:298 - Start build external matchings
2023-05-01 13:28:05,440 [INFO] ThirdPartyModel:316 - End build external matchings
2023-05-01 13:28:05,465 [INFO] ImportTextPane:194 - (OptionalMessage_ERROR) IP (RCC) : Invalid parameter (48MHZClocksFreq_Value)
2023-05-01 13:28:05,465 [INFO] ImportTextPane:194 - (OptionalMessage_ERROR) IP (RCC) : Invalid parameter (ADC12outputFreq_Value)
2023-05-01 13:28:05,465 [INFO] ImportTextPane:194 - (OptionalMessage_ERROR) IP (RCC) : Invalid parameter (ADC34outputFreq_Value)
2023-05-01 13:28:05,466 [INFO] ImportTextPane:194 - (OptionalMessage_ERROR) IP (RCC) : Invalid parameter (DFSDM2Freq_Value)
2023-05-01 13:28:05,466 [INFO] ImportTextPane:194 - (OptionalMessage_ERROR) IP (RCC) : Invalid parameter (DFSDMAudioFreq_Value)
2023-05-01 13:28:05,466 [INFO] ImportTextPane:194 - (OptionalMessage_ERROR) IP (RCC) : Invalid parameter (EthernetFreq_Value)
2023-05-01 13:28:05,466 [INFO] ImportTextPane:194 - (OptionalMessage_ERROR) IP (RCC) : Invalid parameter (FMPI2C1Freq_Value)
2023-05-01 13:28:05,466 [INFO] ImportTextPane:194 - (OptionalMessage_ERROR) IP (RCC) : Invalid parameter (FamilyName)
2023-05-01 13:28:05,466 [INFO] ImportTextPane:194 - (OptionalMessage_ERROR) IP (RCC) : Invalid parameter (I2S1Freq_Value)
2023-05-01 13:28:05,466 [INFO] ImportTextPane:194 - (OptionalMessage_ERROR) IP (RCC) : Invalid parameter (I2S2Freq_Value)
2023-05-01 13:28:05,466 [INFO] ImportTextPane:194 - (OptionalMessage_ERROR) IP (RCC) : Invalid parameter (I2SClocksFreq_Value)
2023-05-01 13:28:05,467 [INFO] ImportTextPane:194 - (OptionalMessage_ERROR) IP (RCC) : Invalid parameter (LPTimerFreq_Value)
2023-05-01 13:28:05,467 [INFO] ImportTextPane:194 - (OptionalMessage_ERROR) IP (RCC) : Invalid parameter (MCO2PinFreq_Value)
2023-05-01 13:28:05,467 [INFO] ImportTextPane:194 - (OptionalMessage_ERROR) IP (RCC) : Invalid parameter (MCOFreq_Value)
2023-05-01 13:28:05,467 [INFO] ImportTextPane:194 - (OptionalMessage_ERROR) IP (RCC) : Invalid parameter (PLLCLKFreq_Value)
2023-05-01 13:28:05,467 [INFO] ImportTextPane:194 - (OptionalMessage_ERROR) IP (RCC) : Invalid parameter (PLLI2SPCLKFreq_Value)
2023-05-01 13:28:05,467 [INFO] ImportTextPane:194 - (OptionalMessage_ERROR) IP (RCC) : Invalid parameter (PLLI2SQCLKFreq_Value)
2023-05-01 13:28:05,467 [INFO] ImportTextPane:194 - (OptionalMessage_ERROR) IP (RCC) : Invalid parameter (PLLI2SQoutputFreq_Value)
2023-05-01 13:28:05,467 [INFO] ImportTextPane:194 - (OptionalMessage_ERROR) IP (RCC) : Invalid parameter (PLLI2SRCLKFreq_Value)
2023-05-01 13:28:05,467 [INFO] ImportTextPane:194 - (OptionalMessage_ERROR) IP (RCC) : Invalid parameter (PLLI2SoutputFreq_Value)
2023-05-01 13:28:05,467 [INFO] ImportTextPane:194 - (OptionalMessage_ERROR) IP (RCC) : Invalid parameter (PLLMCOFreq_Value)
2023-05-01 13:28:05,467 [INFO] ImportTextPane:194 - (OptionalMessage_ERROR) IP (RCC) : Invalid parameter (PLLMUL)
2023-05-01 13:28:05,467 [INFO] ImportTextPane:194 - (OptionalMessage_ERROR) IP (RCC) : Invalid parameter (PLLQCLKFreq_Value)
2023-05-01 13:28:05,468 [INFO] ImportTextPane:194 - (OptionalMessage_ERROR) IP (RCC) : Invalid parameter (PLLRoutputFreq_Value)
2023-05-01 13:28:05,469 [INFO] ImportTextPane:194 - (OptionalMessage_ERROR) IP (RCC) : Invalid parameter (PRESCALERUSB)
2023-05-01 13:28:05,469 [INFO] ImportTextPane:194 - (OptionalMessage_ERROR) IP (RCC) : Invalid parameter (RTCHSEDivFreq_Value)
2023-05-01 13:28:05,469 [INFO] ImportTextPane:194 - (OptionalMessage_ERROR) IP (RCC) : Invalid parameter (SAI1AFreq_Value)
2023-05-01 13:28:05,469 [INFO] ImportTextPane:194 - (OptionalMessage_ERROR) IP (RCC) : Invalid parameter (SAI1BFreq_Value)
2023-05-01 13:28:05,469 [INFO] ImportTextPane:194 - (OptionalMessage_ERROR) IP (RCC) : Invalid parameter (SDIOFreq_Value)
2023-05-01 13:28:05,469 [INFO] ImportTextPane:194 - (OptionalMessage_ERROR) IP (RCC) : Invalid parameter (SYSCLKSourceVirtual)
2023-05-01 13:28:05,469 [INFO] ImportTextPane:194 - (OptionalMessage_ERROR) IP (RCC) : Invalid parameter (TIM15Freq_Value)
2023-05-01 13:28:05,469 [INFO] ImportTextPane:194 - (OptionalMessage_ERROR) IP (RCC) : Invalid parameter (TIM16Freq_Value)
2023-05-01 13:28:05,469 [INFO] ImportTextPane:194 - (OptionalMessage_ERROR) IP (RCC) : Invalid parameter (TIM17Freq_Value)
2023-05-01 13:28:05,469 [INFO] ImportTextPane:194 - (OptionalMessage_ERROR) IP (RCC) : Invalid parameter (TIM1Freq_Value)
2023-05-01 13:28:05,469 [INFO] ImportTextPane:194 - (OptionalMessage_ERROR) IP (RCC) : Invalid parameter (TIM20Freq_Value)
2023-05-01 13:28:05,469 [INFO] ImportTextPane:194 - (OptionalMessage_ERROR) IP (RCC) : Invalid parameter (TIM2Freq_Value)
2023-05-01 13:28:05,469 [INFO] ImportTextPane:194 - (OptionalMessage_ERROR) IP (RCC) : Invalid parameter (TIM3Freq_Value)
2023-05-01 13:28:05,469 [INFO] ImportTextPane:194 - (OptionalMessage_ERROR) IP (RCC) : Invalid parameter (TIM8Freq_Value)
2023-05-01 13:28:05,470 [INFO] ImportTextPane:194 - (OptionalMessage_ERROR) IP (RCC) : Invalid parameter (VCOI2SInputFreq_Value)
2023-05-01 13:28:05,470 [INFO] ImportTextPane:194 - (OptionalMessage_ERROR) IP (RCC) : Invalid parameter (VCOI2SOutputFreq_Value)
2023-05-01 13:28:05,470 [INFO] ImportTextPane:194 - (OptionalMessage_ERROR) IP (RCC) : Invalid parameter (VCOInputMFreq_Value)
2023-05-01 13:28:05,470 [INFO] ImportTextPane:194 - (OptionalMessage_ERROR) IP (RCC) : Invalid parameter (VCOOutput2Freq_Value)
2023-05-01 13:28:05,470 [INFO] ImportTextPane:194 - (OptionalMessage_ERROR) IP (RCC) : Invalid parameter (VcooutputI2S)
2023-05-01 13:28:05,937 [INFO] UtilMem:75 - End LoadConfig() Used Memory: 521407560 Bytes (632291328)
2023-05-01 13:28:06,270 [INFO] ApiDb:581 - Connected to CubeFinder SQLite database (/Users/naonao/.stmcufinder/plugins/mcufinder/mcu/cube-finder-db.db)
2023-05-01 13:28:06,460 [INFO] ApiDb:668 - CubeFinder database Data Model version=2.1
2023-05-01 13:28:06,460 [INFO] ApiDb:669 - CubeFinder database Configuration version=3.0.35
2023-05-01 13:28:06,461 [INFO] ApiDb:670 - CubeFinder database generation date=2023-03-10 (1678456172)
2023-05-01 13:28:06,461 [INFO] ApiDb:671 - CubeFinder database FW Pack versions=[FP-ATR-ASTRA1_V1.1.1, STM32Cube_FW_C0_V1.0.1, STM32Cube_FW_F0_V1.11.4, STM32Cube_FW_F3_V1.11.4, STM32Cube_FW_F4_V1.27.1, STM32Cube_FW_F7_V1.17.0, STM32Cube_FW_G0_V1.6.1, STM32Cube_FW_G4_V1.5.1, STM32Cube_FW_H5_V0.5.1, STM32Cube_FW_H5_V1.0.0, STM32Cube_FW_H7_V1.11.0, STM32Cube_FW_L0_V1.12.2, STM32Cube_FW_L5_V1.5.0, STM32Cube_FW_U5_V1.2.0, STM32Cube_FW_WBA_V1.0.0, STM32Cube_FW_WBA_V1.0.0RC1, STM32Cube_FW_WBA_V1.0.0RC3, STM32Cube_FW_WB_V1.15.0RC1, STM32Cube_FW_WB_V1.16.0, STM32Cube_FW_WB_V1.16.0RC2, STM32Cube_FW_WL_V1.3.0, X-CUBE-ALGOBUILD_V1.3.0, X-CUBE-ALS_V1.0.1, X-CUBE-AZRTOS-F4_V1.1.0, X-CUBE-AZRTOS-F7_V1.1.0, X-CUBE-AZRTOS-G0_V1.1.0, X-CUBE-AZRTOS-G4_V1.0.0, X-CUBE-AZRTOS-H7_V3.0.0, X-CUBE-AZRTOS-L4_V1.0.0, X-CUBE-AZRTOS-L5_V1.1.0, X-CUBE-AZRTOS-WB_V1.1.0, X-CUBE-AZRTOS-WL_V1.0.0, X-CUBE-BLE1_V6.2.4, X-CUBE-BLE2_V3.3.0, X-CUBE-BLEMGR_V1.3.0, X-CUBE-EEPRMA1_V4.1.0, X-CUBE-GNSS1_V6.0.0, X-CUBE-MEMS1_V9.1.0, X-CUBE-MEMS1_V9.4.0, X-CUBE-MEMS1_V9.5.0, X-CUBE-NFC4_V3.0.0, X-CUBE-NFC7_V1.0.0, X-CUBE-SFXS2LP1_V4.0.0, X-CUBE-SUBG2_V5.0.0]
2023-05-01 13:28:09,257 [INFO] ApiDb:240 - Found 297 in-development CPN: [B-G473E-ZEST1S, B-WB1M-WPAN1, B-WL5M-SUBG1, NUCLEO-C031C6, NUCLEO-H503RB, NUCLEO-H563ZI, NUCLEO-U545RE-Q, NUCLEO-U5A5ZJ-Q, NUCLEO-WBA52CG, STEVAL-PROTEUS1, STEVAL-STWINBX1, STM320518-EVAL, STM32C0116-DK, STM32C011D6Y3TR, STM32C011D6Y6TR, STM32C011F4P3, STM32C011F4P6, STM32C011F4U3, STM32C011F4U6TR, STM32C011F6P3, STM32C011F6P6, STM32C011F6U3, STM32C011F6U6TR, STM32C011J4M3, STM32C011J4M6, STM32C011J6M3, STM32C011J6M6, STM32C0316-DK, STM32C031C4T3, STM32C031C4T6, STM32C031C4U3, STM32C031C4U6, STM32C031C6T3, STM32C031C6T6, STM32C031C6U3, STM32C031C6U6, STM32C031F4P3, STM32C031F4P6, STM32C031F6P3, STM32C031F6P6, STM32C031G4U3, STM32C031G4U6, STM32C031G6U3, STM32C031G6U6, STM32C031K4T3, STM32C031K4T6, STM32C031K4U3, STM32C031K4U6, STM32C031K6T3, STM32C031K6T6, STM32C031K6U3, STM32C031K6U6, STM32G071K8TXN, STM32G071K8UXN, STM32G081GBU6N, STM32G081KBT6N, STM32G081KBUXN, STM32G0B1CCT6N, STM32G0B1KCT6, STM32G0B1NEY6TR, STM32G0B1RCT6N, STM32G0C1CCT6, STM32G0C1CCT6N, STM32G0C1CCU6N, STM32G0C1CET6N, STM32G0C1CEU6N, STM32G0C1KCT6, STM32G0C1NEY6TR, STM32G0C1RCI6N, STM32G0C1RCT6N, STM32G0C1REI6N, STM32G0C1RET6N, STM32G0C1VCI6, STM32G0C1VEI6, STM32G471CCT6, STM32G471CCU6, STM32G471CET3, STM32G471CET6, STM32G471CEU3, STM32G471CEU6, STM32G471MCT6, STM32G471MET3, STM32G471MET6, STM32G471MEY6TR, STM32G471QCT6, STM32G471QET3, STM32G471RCT6, STM32G471RET3, STM32G471RET6, STM32G471VCH6, STM32G471VCI6, STM32G471VCT6, STM32G471VEH3, STM32G471VEH6, STM32G471VEI3, STM32G471VEI6, STM32G471VET3, STM32G471VET6, STM32G474CCT6, STM32H503CBT6, STM32H503CBU6, STM32H503EBY6TR, STM32H503KBU6, STM32H503RBT6, STM32H562AGI6, STM32H562AII6, STM32H562IGK6, STM32H562IGT6, STM32H562IIK6, STM32H562IIT6, STM32H562RGT6, STM32H562RGV6, STM32H562RIT6, STM32H562RIV6, STM32H562VGT6, STM32H562VIT6, STM32H562ZGT6, STM32H562ZIT6, STM32H563AGI6, STM32H563AII3Q, STM32H563AII6, STM32H563IGK6, STM32H563IGT6, STM32H563IIK3Q, STM32H563IIK6, STM32H563IIT3Q, STM32H563IIT6, STM32H563MIY3QTR, STM32H563RGT6, STM32H563RGV6, STM32H563RIT6, STM32H563RIV6, STM32H563VGT6, STM32H563VIT3Q, STM32H563VIT6, STM32H563ZGT6, STM32H563ZIT3Q, STM32H563ZIT6, STM32H573AII3Q, STM32H573AII6, STM32H573I-DK, STM32H573IIK3Q, STM32H573IIK6, STM32H573IIT3Q, STM32H573IIT6, STM32H573MIY3QTR, STM32H573RIT6, STM32H573RIV6, STM32H573VIT3Q, STM32H573VIT6, STM32H573ZIT3Q, STM32H573ZIT6, STM32L4R5QGI6STR, STM32MP131AAE3, STM32MP131AAF3, STM32MP131AAG3, STM32MP131CAE3, STM32MP131CAF3, STM32MP131CAG3, STM32MP131DAE7, STM32MP131DAF7, STM32MP131DAG7, STM32MP131FAE7, STM32MP131FAF7, STM32MP131FAG7, STM32MP133AAE3, STM32MP133AAF3, STM32MP133AAG3, STM32MP133CAE3, STM32MP133CAF3, STM32MP133CAG3, STM32MP133DAE7, STM32MP133DAF7, STM32MP133DAG7, STM32MP133FAE7, STM32MP133FAF7, STM32MP133FAG7, STM32MP135AAE3, STM32MP135AAF3, STM32MP135AAG3, STM32MP135CAE3, STM32MP135CAF3, STM32MP135CAG3, STM32MP135DAE7, STM32MP135DAF7, STM32MP135DAG7, STM32MP135F-DK, STM32MP135FAE7, STM32MP135FAF7, STM32MP135FAF7T, STM32MP135FAF7U, STM32MP135FAG7, STM32U535CBT6, STM32U535CBT6Q, STM32U535CBU6, STM32U535CBU6Q, STM32U535CCT6, STM32U535CCT6Q, STM32U535CCU6, STM32U535CCU6Q, STM32U535CET6, STM32U535CET6Q, STM32U535CEU6, STM32U535CEU6Q, STM32U535JEY6QTR, STM32U535NCY6QTR, STM32U535NEY6QTR, STM32U535RBI6, STM32U535RBI6Q, STM32U535RBT6, STM32U535RBT6Q, STM32U535RCI6, STM32U535RCI6Q, STM32U535RCT6, STM32U535RCT6Q, STM32U535REI6, STM32U535REI6Q, STM32U535RET6, STM32U535RET6Q, STM32U535VCI6, STM32U535VCI6Q, STM32U535VCT6, STM32U535VCT6Q, STM32U535VEI6, STM32U535VEI6Q, STM32U535VET6, STM32U535VET6Q, STM32U545CET6, STM32U545CET6Q, STM32U545CEU6, STM32U545CEU6Q, STM32U545JEY6QTR, STM32U545NEY6QTR, STM32U545REI6, STM32U545REI6Q, STM32U545RET6, STM32U545RET6Q, STM32U545VEI6, STM32U545VEI6Q, STM32U545VET6, STM32U545VET6Q, STM32U595AIH6, STM32U595AIH6Q, STM32U595AJH6, STM32U595AJH6Q, STM32U595QII6, STM32U595QII6Q, STM32U595QJI6, STM32U595QJI6Q, STM32U595RIT6, STM32U595RIT6Q, STM32U595RJT6, STM32U595RJT6Q, STM32U595VIT6, STM32U595VIT6Q, STM32U595VJT6, STM32U595VJT6Q, STM32U595ZIT6, STM32U595ZIT6Q, STM32U595ZIY6QTR, STM32U595ZJT6, STM32U595ZJT6Q, STM32U595ZJY6QTR, STM32U599BJY6QTR, STM32U599NIH6Q, STM32U599NJH6Q, STM32U599VIT6Q, STM32U599VJT6, STM32U599VJT6Q, STM32U599ZIT6Q, STM32U599ZIY6QTR, STM32U599ZJT6Q, STM32U599ZJY6QTR, STM32U5A5AJH6, STM32U5A5AJH6Q, STM32U5A5QJI6, STM32U5A5QJI6Q, STM32U5A5RJT6, STM32U5A5RJT6Q, STM32U5A5VJT6, STM32U5A5VJT6Q, STM32U5A5ZJT6, STM32U5A5ZJT6Q, STM32U5A5ZJY6QTR, STM32U5A9BJY6QTR, STM32U5A9J-DK, STM32U5A9NJH6Q, STM32U5A9VJT6Q, STM32U5A9ZJT6Q, STM32U5A9ZJY6QTR, STM32WB1MMCH6, STM32WBA52CEU6, STM32WBA52CEU6T, STM32WBA52CGU6, STM32WBA52CGU6T, STM32WL5MOCH6, STM32WL5MOCH6TR]
2023-05-01 13:28:09,261 [INFO] DbMcus:216 - Found 3775 MCUs, 3775 are supported
2023-05-01 13:28:09,262 [INFO] ApiDb:423 - Load user favorites file /Users/naonao/.stm32cubeide/favorites.mcus.txt: 0 item(s)
2023-05-01 13:28:09,263 [INFO] ApiDb:427 - User favorites MCUs=[]
2023-05-01 13:28:09,263 [INFO] DbMcus:222 - Set 0 / 0 favorites MCUs
2023-05-01 13:28:09,760 [WARN] ThirdParty:833 - waiting for thirdparty lock release [change project]
2023-05-01 13:28:09,760 [INFO] ThirdParty:835 - entering critical section [change project]
2023-05-01 13:28:09,760 [INFO] ThirdParty:1030 - CMSIS Pack Vendor :STMicroelectronics X-CUBE-ISPU 1.1.0
2023-05-01 13:28:09,760 [INFO] ThirdParty:1030 - CMSIS Pack Vendor :STMicroelectronics X-CUBE-GNSS1 6.0.0
2023-05-01 13:28:09,760 [INFO] ThirdParty:1030 - CMSIS Pack Vendor :STMicroelectronics USB_HOST 2.0.0
2023-05-01 13:28:09,760 [INFO] ThirdParty:1030 - CMSIS Pack Vendor :STMicroelectronics X-CUBE-AZRTOS-F4 1.1.0
2023-05-01 13:28:09,760 [INFO] ThirdParty:1030 - CMSIS Pack Vendor :STMicroelectronics LIBJPEG 8.0.0
2023-05-01 13:28:09,760 [INFO] ThirdParty:1030 - CMSIS Pack Vendor :STMicroelectronics X-CUBE-SMBUS 2.1.0
2023-05-01 13:28:09,760 [INFO] ThirdParty:1030 - CMSIS Pack Vendor :wolfSSL I-CUBE-wolfSSL 5.6.0
2023-05-01 13:28:09,760 [INFO] ThirdParty:1030 - CMSIS Pack Vendor :STMicroelectronics USB_DEVICE 3.0.0
2023-05-01 13:28:09,760 [INFO] ThirdParty:1030 - CMSIS Pack Vendor :STMicroelectronics X-CUBE-AI 8.0.0
2023-05-01 13:28:09,760 [INFO] ThirdParty:1030 - CMSIS Pack Vendor :STMicroelectronics X-CUBE-FREERTOS 1.0.1
2023-05-01 13:28:09,760 [INFO] ThirdParty:1030 - CMSIS Pack Vendor :STMicroelectronics X-CUBE-TOUCHGFX 4.21.3
2023-05-01 13:28:09,760 [INFO] ThirdParty:1030 - CMSIS Pack Vendor :STMicroelectronics X-CUBE-AZRTOS-F7 1.1.0
2023-05-01 13:28:09,761 [INFO] ThirdParty:1030 - CMSIS Pack Vendor :STMicroelectronics USB_DEVICE 2.0.0
2023-05-01 13:28:09,761 [INFO] ThirdParty:1030 - CMSIS Pack Vendor :STMicroelectronics X-CUBE-MEMS1 9.6.0
2023-05-01 13:28:09,761 [INFO] ThirdParty:1030 - CMSIS Pack Vendor :STMicroelectronics X-CUBE-ALGOBUILD 1.3.0
2023-05-01 13:28:09,762 [INFO] ThirdParty:1030 - CMSIS Pack Vendor :STMicroelectronics X-CUBE-BLE1 6.2.4
2023-05-01 13:28:09,762 [INFO] ThirdParty:1030 - CMSIS Pack Vendor :STMicroelectronics X-CUBE-AZRTOS-L5 1.1.0
2023-05-01 13:28:09,762 [INFO] ThirdParty:1030 - CMSIS Pack Vendor :STMicroelectronics FreeRTOS 0.0.1
2023-05-01 13:28:09,762 [INFO] ThirdParty:1030 - CMSIS Pack Vendor :emotas I-CUBE-CANOPEN 1.1.3
2023-05-01 13:28:09,762 [INFO] ThirdParty:1030 - CMSIS Pack Vendor :STMicroelectronics X-CUBE-AZRTOS-G0 1.1.0
2023-05-01 13:28:09,762 [INFO] ThirdParty:1030 - CMSIS Pack Vendor :STMicroelectronics X-CUBE-BLEMGR 2.0.0
2023-05-01 13:28:09,762 [INFO] ThirdParty:1030 - CMSIS Pack Vendor :STMicroelectronics X-CUBE-SUBG2 5.0.0
2023-05-01 13:28:09,762 [INFO] ThirdParty:1030 - CMSIS Pack Vendor :STMicroelectronics X-CUBE-NFC4 3.0.0
2023-05-01 13:28:09,762 [INFO] ThirdParty:1030 - CMSIS Pack Vendor :STMicroelectronics STM32_WPAN 1.0.0
2023-05-01 13:28:09,762 [INFO] ThirdParty:1030 - CMSIS Pack Vendor :STMicroelectronics lwIP 2.0.3
2023-05-01 13:28:09,762 [INFO] ThirdParty:1030 - CMSIS Pack Vendor :STMicroelectronics USB_HOST 1.0.0
2023-05-01 13:28:09,762 [INFO] ThirdParty:1030 - CMSIS Pack Vendor :STMicroelectronics X-CUBE-AZRTOS-G4 2.0.0
2023-05-01 13:28:09,762 [INFO] ThirdParty:1030 - CMSIS Pack Vendor :STMicroelectronics PDM2PCM 3.1.0
2023-05-01 13:28:09,762 [INFO] ThirdParty:1030 - CMSIS Pack Vendor :STMicroelectronics X-CUBE-AZRTOS-H7 3.1.0
2023-05-01 13:28:09,762 [INFO] ThirdParty:1030 - CMSIS Pack Vendor :STMicroelectronics X-CUBE-TOF1 3.3.0
2023-05-01 13:28:09,762 [INFO] ThirdParty:1030 - CMSIS Pack Vendor :STMicroelectronics PDM2PCM 3.3.0
2023-05-01 13:28:09,762 [INFO] ThirdParty:1030 - CMSIS Pack Vendor :STMicroelectronics X-CUBE-DISPLAY 3.0.0
2023-05-01 13:28:09,763 [INFO] ThirdParty:1030 - CMSIS Pack Vendor :STMicroelectronics X-CUBE-AZRTOS-G4 1.0.0
2023-05-01 13:28:09,763 [INFO] ThirdParty:1030 - CMSIS Pack Vendor :STMicroelectronics FP-ATR-SIGFOX1 3.2.0
2023-05-01 13:28:09,763 [INFO] ThirdParty:1030 - CMSIS Pack Vendor :STMicroelectronics X-CUBE-AZRTOS-L4 1.0.0
2023-05-01 13:28:09,763 [INFO] ThirdParty:1030 - CMSIS Pack Vendor :STMicroelectronics HAL Drivers 0.0.0
2023-05-01 13:28:09,763 [INFO] ThirdParty:1030 - CMSIS Pack Vendor :STMicroelectronics MBEDTLS 2.16.2
2023-05-01 13:28:09,763 [INFO] ThirdParty:1030 - CMSIS Pack Vendor :STMicroelectronics MBEDTLS 2.14.1
2023-05-01 13:28:09,763 [INFO] ThirdParty:1030 - CMSIS Pack Vendor :STMicroelectronics X-CUBE-NFC7 1.0.0
2023-05-01 13:28:09,763 [INFO] ThirdParty:1030 - CMSIS Pack Vendor :STMicroelectronics X-CUBE-AZRTOS-WL 1.0.0
2023-05-01 13:28:09,763 [INFO] ThirdParty:1030 - CMSIS Pack Vendor :STMicroelectronics X-CUBE-EEPRMA1 4.1.0
2023-05-01 13:28:09,763 [INFO] ThirdParty:1030 - CMSIS Pack Vendor :portGmbH I-Cube-SoM-uGOAL 1.1.0
2023-05-01 13:28:09,763 [INFO] ThirdParty:1030 - CMSIS Pack Vendor :STMicroelectronics X-CUBE-ALS 1.0.1
2023-05-01 13:28:09,763 [INFO] ThirdParty:1030 - CMSIS Pack Vendor :STMicroelectronics X-CUBE-MEMS1 9.5.0
2023-05-01 13:28:09,763 [INFO] ThirdParty:1030 - CMSIS Pack Vendor :STMicroelectronics ThreadX 1.0.0
2023-05-01 13:28:09,763 [INFO] ThirdParty:1030 - CMSIS Pack Vendor :STMicroelectronics X-CUBE-AZRTOS-WB 1.1.0
2023-05-01 13:28:09,763 [INFO] ThirdParty:1030 - CMSIS Pack Vendor :SEGGER I-CUBE-embOS 1.3.1
2023-05-01 13:28:09,763 [INFO] ThirdParty:1030 - CMSIS Pack Vendor :STMicroelectronics USB_DEVICE 1.0.0
2023-05-01 13:28:09,763 [INFO] ThirdParty:1030 - CMSIS Pack Vendor :STMicroelectronics ThreadX 0.0.2
2023-05-01 13:28:09,763 [INFO] ThirdParty:1030 - CMSIS Pack Vendor :WES I-CUBE-Cesium 1.3.0
2023-05-01 13:28:09,763 [INFO] ThirdParty:1030 - CMSIS Pack Vendor :STMicroelectronics FP-ATR-ASTRA1 2.0.0
2023-05-01 13:28:09,763 [INFO] ThirdParty:1030 - CMSIS Pack Vendor :STMicroelectronics lwIP 2.1.2
2023-05-01 13:28:09,763 [INFO] ThirdParty:1030 - CMSIS Pack Vendor :STMicroelectronics X-CUBE-SFXS2LP1 4.0.0
2023-05-01 13:28:09,763 [INFO] ThirdParty:1030 - CMSIS Pack Vendor :STMicroelectronics X-CUBE-BLE2 3.3.0
2023-05-01 13:28:09,764 [INFO] ThirdParty:1030 - CMSIS Pack Vendor :STMicroelectronics PDM2PCM 3.2.0
2023-05-01 13:28:09,764 [INFO] ThirdParty:841 - exiting critical section [change project]
2023-05-01 13:28:10,502 [INFO] PinOutPanel:1499 - setPackage(No Configuration,No Configuration)
2023-05-01 13:28:10,503 [INFO] PinOutPanel:1499 - setPackage(STM32L496ZGTx,LQFP144)
2023-05-01 13:28:11,327 [INFO] UtilMem:75 - Before build in PCC Used Memory: 511895688 Bytes (632291328)
2023-05-01 13:28:12,276 [INFO] UtilMem:75 - After build in PCC Used Memory: 551065808 Bytes (632291328)
2023-05-01 13:28:12,326 [INFO] IPUIPlugin:80 - create IPUIPlugin
2023-05-01 13:28:12,327 [INFO] IPUIPlugin:80 - create IPUIPlugin
2023-05-01 13:28:12,327 [INFO] IPUIPlugin:80 - create IPUIPlugin
2023-05-01 13:28:12,327 [INFO] IPUIPlugin:80 - create IPUIPlugin
2023-05-01 13:28:12,328 [INFO] IPUIPlugin:80 - create IPUIPlugin
2023-05-01 13:28:12,328 [INFO] IPUIPlugin:80 - create IPUIPlugin
2023-05-01 13:28:12,328 [INFO] IPUIPlugin:80 - create IPUIPlugin
2023-05-01 13:28:12,328 [INFO] IPUIPlugin:80 - create IPUIPlugin
2023-05-01 13:28:12,329 [INFO] IPUIPlugin:80 - create IPUIPlugin
2023-05-01 13:28:12,329 [INFO] IPUIPlugin:80 - create IPUIPlugin
2023-05-01 13:28:12,329 [INFO] IPUIPlugin:80 - create IPUIPlugin
2023-05-01 13:28:12,330 [INFO] IPUIPlugin:80 - create IPUIPlugin
2023-05-01 13:28:12,330 [INFO] IPUIPlugin:80 - create IPUIPlugin
2023-05-01 13:28:12,330 [INFO] IPUIPlugin:80 - create IPUIPlugin
2023-05-01 13:28:12,330 [INFO] IPUIPlugin:80 - create IPUIPlugin
2023-05-01 13:28:12,330 [INFO] IPUIPlugin:80 - create IPUIPlugin
2023-05-01 13:28:12,330 [INFO] IPUIPlugin:80 - create IPUIPlugin
2023-05-01 13:28:12,331 [INFO] IPUIPlugin:80 - create IPUIPlugin
2023-05-01 13:28:12,331 [INFO] IPUIPlugin:80 - create IPUIPlugin
2023-05-01 13:28:12,331 [INFO] IPUIPlugin:80 - create IPUIPlugin
2023-05-01 13:28:12,331 [INFO] IPUIPlugin:80 - create IPUIPlugin
2023-05-01 13:28:12,331 [INFO] IPUIPlugin:80 - create IPUIPlugin
2023-05-01 13:28:12,331 [INFO] IPUIPlugin:80 - create IPUIPlugin
2023-05-01 13:28:12,332 [INFO] IPUIPlugin:80 - create IPUIPlugin
2023-05-01 13:28:12,332 [INFO] IPUIPlugin:80 - create IPUIPlugin
2023-05-01 13:28:12,332 [INFO] IPUIPlugin:80 - create IPUIPlugin
2023-05-01 13:28:12,332 [INFO] IPUIPlugin:80 - create IPUIPlugin
2023-05-01 13:28:12,332 [INFO] IPUIPlugin:80 - create IPUIPlugin
2023-05-01 13:28:12,332 [INFO] IPUIPlugin:80 - create IPUIPlugin
2023-05-01 13:28:12,333 [INFO] IPUIPlugin:80 - create IPUIPlugin
2023-05-01 13:28:12,333 [INFO] IPUIPlugin:80 - create IPUIPlugin
2023-05-01 13:28:12,333 [INFO] IPUIPlugin:80 - create IPUIPlugin
2023-05-01 13:28:12,333 [INFO] IPUIPlugin:80 - create IPUIPlugin
2023-05-01 13:28:12,333 [INFO] IPUIPlugin:80 - create IPUIPlugin
2023-05-01 13:28:12,333 [INFO] IPUIPlugin:80 - create IPUIPlugin
2023-05-01 13:28:12,334 [INFO] IPUIPlugin:80 - create IPUIPlugin
2023-05-01 13:28:12,334 [INFO] IPUIPlugin:80 - create IPUIPlugin
2023-05-01 13:28:12,334 [INFO] IPUIPlugin:80 - create IPUIPlugin
2023-05-01 13:28:12,334 [INFO] IPUIPlugin:80 - create IPUIPlugin
2023-05-01 13:28:12,334 [INFO] IPUIPlugin:80 - create IPUIPlugin
2023-05-01 13:28:12,335 [INFO] IPUIPlugin:80 - create IPUIPlugin
2023-05-01 13:28:12,335 [INFO] IPUIPlugin:80 - create IPUIPlugin
2023-05-01 13:28:12,336 [INFO] IPUIPlugin:80 - create IPUIPlugin
2023-05-01 13:28:12,336 [INFO] IPUIPlugin:80 - create IPUIPlugin
2023-05-01 13:28:12,336 [INFO] IPUIPlugin:80 - create IPUIPlugin
2023-05-01 13:28:12,336 [INFO] IPUIPlugin:80 - create IPUIPlugin
2023-05-01 13:28:12,336 [INFO] IPUIPlugin:80 - create IPUIPlugin
2023-05-01 13:28:12,336 [INFO] IPUIPlugin:80 - create IPUIPlugin
2023-05-01 13:28:12,337 [INFO] IPUIPlugin:80 - create IPUIPlugin
2023-05-01 13:28:12,337 [INFO] IPUIPlugin:80 - create IPUIPlugin
2023-05-01 13:28:12,337 [INFO] IPUIPlugin:80 - create IPUIPlugin
2023-05-01 13:28:12,337 [INFO] IPUIPlugin:80 - create IPUIPlugin
2023-05-01 13:28:12,337 [INFO] IPUIPlugin:80 - create IPUIPlugin
2023-05-01 13:28:12,338 [INFO] IPUIPlugin:80 - create IPUIPlugin
2023-05-01 13:28:12,338 [INFO] IPUIPlugin:80 - create IPUIPlugin
2023-05-01 13:28:12,338 [INFO] IPUIPlugin:80 - create IPUIPlugin
2023-05-01 13:28:12,338 [INFO] IPUIPlugin:80 - create IPUIPlugin
2023-05-01 13:28:12,338 [INFO] IPUIPlugin:80 - create IPUIPlugin
2023-05-01 13:28:12,338 [INFO] IPUIPlugin:80 - create IPUIPlugin
2023-05-01 13:28:12,339 [INFO] IPUIPlugin:80 - create IPUIPlugin
2023-05-01 13:28:12,339 [INFO] IPUIPlugin:80 - create IPUIPlugin
2023-05-01 13:28:12,339 [INFO] IPUIPlugin:80 - create IPUIPlugin
2023-05-01 13:28:12,340 [INFO] IPUIPlugin:80 - create IPUIPlugin
2023-05-01 13:28:12,340 [INFO] IPUIPlugin:80 - create IPUIPlugin
2023-05-01 13:28:12,588 [INFO] CADModel:165 - CPN selected for project levelSTM32L496ZGT3
2023-05-01 13:28:12,589 [INFO] CADModel:114 - Register for checkConnection events
2023-05-01 13:28:12,633 [INFO] OpenFileManager:328 - Restore cursor
2023-05-01 13:28:36,520 [INFO] Gpio:273 - dependency for GPIO [LPUART1, RCC, SYS, USB_OTG_FS]
2023-05-01 13:28:50,369 [INFO] Gpio:273 - dependency for GPIO [LPUART1, RCC, SYS, USB_OTG_FS]
2023-05-01 13:29:03,512 [INFO] DmaTabbedPanel:205 - Cannot restore the selected Tab for DMA
2023-05-01 13:29:04,066 [INFO] Gpio:273 - dependency for GPIO [LPUART1, RCC, SYS, USB_OTG_FS]
2023-05-01 13:29:06,000 [INFO] NvicIntPanel:101 - NVIC parent = com.st.microxplorer.plugins.ip.nvic.MultiNvicIntPanel[,2,59,310x348,layout=javax.swing.BoxLayout,alignmentX=0.0,alignmentY=0.0,border=,flags=9,maximumSize=,minimumSize=,preferredSize=]
2023-05-01 13:29:25,159 [INFO] I2cTimingTraitement:330 - 0x00303D5B
2023-05-01 13:29:35,773 [INFO] UtilMem:75 - End SaveConfig() Used Memory: 536697056 Bytes (632291328)
2023-05-01 13:29:38,152 [INFO] UtilMem:75 - End SaveConfig() Used Memory: 503446360 Bytes (632291328)
2023-05-01 13:29:50,648 [INFO] UtilMem:75 - End SaveConfig() Used Memory: 537287096 Bytes (632291328)
2023-05-01 13:29:51,181 [INFO] BlockDiagram:2759 - set Specific Code input for plugin: SYS
2023-05-01 13:29:51,182 [INFO] BlockDiagram:2759 - set Specific Code input for plugin: RCC
2023-05-01 13:29:51,182 [INFO] BlockDiagram:2759 - set Specific Code input for plugin: I2C
2023-05-01 13:29:51,182 [INFO] BlockDiagram:2759 - set Specific Code input for plugin: LPUART
2023-05-01 13:29:51,182 [INFO] BlockDiagram:2759 - set Specific Code input for plugin: USB_OTG_FS
2023-05-01 13:29:51,182 [INFO] BlockDiagram:2759 - set Specific Code input for plugin: NVIC
2023-05-01 13:29:51,182 [INFO] BlockDiagram:2759 - set Specific Code input for plugin: GPIO
2023-05-01 13:29:51,183 [INFO] CodeGenerator:793 - code generatio: config db path: /Applications/STM32CubeIDE.app/Contents/Eclipse/plugins/com.st.stm32cube.common.mx_6.8.0.202302231600//db/
2023-05-01 13:29:51,552 [INFO] CodeEngine:255 - oldGeneratedFile, /Users/naonao/Desktop/ENGN1650/engn1650-3Dpen-mcu/Pen/MXTmpFiles/license.tmp_save
2023-05-01 13:29:52,007 [INFO] CodeEngine:279 - Generated code: /Users/naonao/Desktop/ENGN1650/engn1650-3Dpen-mcu/Pen/MXTmpFiles/license.tmp
2023-05-01 13:29:52,176 [INFO] CodeEngine:255 - oldGeneratedFile, /Users/naonao/Desktop/ENGN1650/engn1650-3Dpen-mcu/Pen/MXTmpFiles/gpio.tmp_save
2023-05-01 13:29:52,312 [INFO] CodeEngine:279 - Generated code: /Users/naonao/Desktop/ENGN1650/engn1650-3Dpen-mcu/Pen/MXTmpFiles/gpio.tmp
2023-05-01 13:29:53,037 [WARN] IPConfigManager:2937 - Warning: the RefConfig PWREx_EnableUSBVoltageDetector is not available in your config.xml file
2023-05-01 13:29:53,054 [INFO] CodeEngine:255 - oldGeneratedFile, /Users/naonao/Desktop/ENGN1650/engn1650-3Dpen-mcu/Pen/Core/Src/stm32l4xx_it.c_save
2023-05-01 13:29:53,184 [INFO] CodeEngine:279 - Generated code: /Users/naonao/Desktop/ENGN1650/engn1650-3Dpen-mcu/Pen/Core/Src/stm32l4xx_it.c
2023-05-01 13:29:53,187 [INFO] CodeEngine:255 - oldGeneratedFile, /Users/naonao/Desktop/ENGN1650/engn1650-3Dpen-mcu/Pen/Core/Inc/stm32l4xx_it.h_save
2023-05-01 13:29:53,256 [INFO] CodeEngine:279 - Generated code: /Users/naonao/Desktop/ENGN1650/engn1650-3Dpen-mcu/Pen/Core/Inc/stm32l4xx_it.h
2023-05-01 13:29:53,263 [INFO] CodeEngine:255 - oldGeneratedFile, /Users/naonao/Desktop/ENGN1650/engn1650-3Dpen-mcu/Pen/Core/Src/stm32l4xx_hal_msp.c_save
2023-05-01 13:29:53,414 [INFO] CodeEngine:279 - Generated code: /Users/naonao/Desktop/ENGN1650/engn1650-3Dpen-mcu/Pen/Core/Src/stm32l4xx_hal_msp.c
2023-05-01 13:29:53,418 [INFO] CodeEngine:255 - oldGeneratedFile, /Users/naonao/Desktop/ENGN1650/engn1650-3Dpen-mcu/Pen/MXTmpFiles/system.tmp_save
2023-05-01 13:29:53,490 [INFO] CodeEngine:279 - Generated code: /Users/naonao/Desktop/ENGN1650/engn1650-3Dpen-mcu/Pen/MXTmpFiles/system.tmp
2023-05-01 13:29:53,498 [INFO] CodeEngine:311 - oldGeneratedFile, /Users/naonao/Desktop/ENGN1650/engn1650-3Dpen-mcu/Pen/Core/Inc/stm32l4xx_hal_conf.h_save
2023-05-01 13:29:53,572 [INFO] CodeEngine:335 - Generated code: /Users/naonao/Desktop/ENGN1650/engn1650-3Dpen-mcu/Pen/Core/Inc/stm32l4xx_hal_conf.h
2023-05-01 13:29:53,635 [WARN] IPConfigManager:3431 - IP not found : USB_OTG
2023-05-01 13:29:53,636 [WARN] CodeGenerator:3754 - IP not found : null
2023-05-01 13:29:53,641 [INFO] CodeEngine:255 - oldGeneratedFile, /Users/naonao/Desktop/ENGN1650/engn1650-3Dpen-mcu/Pen/Core/Inc/main.h_save
2023-05-01 13:29:53,731 [INFO] CodeEngine:279 - Generated code: /Users/naonao/Desktop/ENGN1650/engn1650-3Dpen-mcu/Pen/Core/Inc/main.h
2023-05-01 13:29:53,735 [INFO] CodeEngine:255 - oldGeneratedFile, /Users/naonao/Desktop/ENGN1650/engn1650-3Dpen-mcu/Pen/Core/Src/main.c_save
2023-05-01 13:29:53,890 [INFO] CodeEngine:279 - Generated code: /Users/naonao/Desktop/ENGN1650/engn1650-3Dpen-mcu/Pen/Core/Src/main.c
2023-05-01 13:29:54,865 [INFO] ProjectBuilder:2996 - Time for Copy HAL[1] : 322mS.
2023-05-01 13:29:54,884 [INFO] ProjectBuilder:4304 - Project Generator version: 3.19.2
2023-05-01 13:29:55,539 [INFO] ConfigFileManager:1483 - The Die is : DIE461
2023-05-01 13:29:55,581 [INFO] ApiDbMcu:507 - Load IP Config File for FATFS
2023-05-01 13:29:55,695 [INFO] ApiDbMcu:507 - Load IP Config File for FREERTOS
2023-05-01 13:29:56,304 [INFO] ApiDbMcu:507 - Load IP Config File for TOUCHSENSING
2023-05-01 13:29:56,357 [INFO] ApiDbMcu:507 - Load IP Config File for USB_DEVICE
2023-05-01 13:29:56,383 [INFO] ApiDbMcu:507 - Load IP Config File for USB_HOST
2023-05-01 13:29:57,573 [INFO] LogOutputStream:77 - [STDOUT_REDIRECT] 
2023-05-01 13:29:58,597 [INFO] ProjectBuilder:4505 - Time for Generating toolchain IDE Files: 3713mS.
2023-05-01 13:29:58,599 [INFO] ProjectBuilder:2867 - Time for Copy CMSIS : 0mS.
2023-05-01 13:29:58,600 [INFO] ProjectBuilder:2867 - Time for Copy CMSIS : 0mS.
2023-05-01 13:41:08,553 [INFO] Gpio:273 - dependency for GPIO [I2C1, LPUART1, RCC, SYS, USB_OTG_FS]
2023-05-01 13:42:34,963 [INFO] I2cTimingTraitement:330 - 0x00303D5B
2023-05-01 13:42:52,122 [INFO] NvicIntPanel:101 - NVIC parent = com.st.microxplorer.plugins.ip.nvic.MultiNvicIntPanel[,0,0,450x262,layout=javax.swing.BoxLayout,alignmentX=0.0,alignmentY=0.0,border=,flags=9,maximumSize=,minimumSize=,preferredSize=]
2023-05-01 14:17:53,305 [INFO] I2cTimingTraitement:330 - 0x00303D5B
2023-05-01 14:17:53,554 [INFO] I2cTimingTraitement:330 - 0x00303D5B
2023-05-01 14:17:57,620 [INFO] I2cTimingTraitement:330 - 0x00303D5B
2023-05-01 14:17:57,890 [INFO] I2cTimingTraitement:330 - 0x00303D5B
2023-05-01 14:18:08,217 [INFO] UtilMem:75 - End SaveConfig() Used Memory: 619401928 Bytes (1038090240)
2023-05-01 14:18:11,863 [INFO] UtilMem:75 - End SaveConfig() Used Memory: 658110960 Bytes (1038090240)
2023-05-01 14:18:12,183 [INFO] UtilMem:75 - End SaveConfig() Used Memory: 696370424 Bytes (1038090240)
2023-05-01 14:18:12,470 [INFO] BlockDiagram:2759 - set Specific Code input for plugin: SYS
2023-05-01 14:18:12,471 [INFO] BlockDiagram:2759 - set Specific Code input for plugin: RCC
2023-05-01 14:18:12,471 [INFO] BlockDiagram:2759 - set Specific Code input for plugin: I2C
2023-05-01 14:18:12,471 [INFO] BlockDiagram:2759 - set Specific Code input for plugin: LPUART
2023-05-01 14:18:12,471 [INFO] BlockDiagram:2759 - set Specific Code input for plugin: USB_OTG_FS
2023-05-01 14:18:12,471 [INFO] BlockDiagram:2759 - set Specific Code input for plugin: NVIC
2023-05-01 14:18:12,472 [INFO] BlockDiagram:2759 - set Specific Code input for plugin: GPIO
2023-05-01 14:18:12,472 [INFO] CodeGenerator:793 - code generatio: config db path: /Applications/STM32CubeIDE.app/Contents/Eclipse/plugins/com.st.stm32cube.common.mx_6.8.0.202302231600//db/
2023-05-01 14:18:12,654 [INFO] CodeEngine:255 - oldGeneratedFile, /Users/naonao/Desktop/ENGN1650/engn1650-3Dpen-mcu/Pen/MXTmpFiles/license.tmp_save
2023-05-01 14:18:12,767 [INFO] CodeEngine:279 - Generated code: /Users/naonao/Desktop/ENGN1650/engn1650-3Dpen-mcu/Pen/MXTmpFiles/license.tmp
2023-05-01 14:18:12,837 [INFO] CodeEngine:255 - oldGeneratedFile, /Users/naonao/Desktop/ENGN1650/engn1650-3Dpen-mcu/Pen/MXTmpFiles/gpio.tmp_save
2023-05-01 14:18:12,960 [INFO] CodeEngine:279 - Generated code: /Users/naonao/Desktop/ENGN1650/engn1650-3Dpen-mcu/Pen/MXTmpFiles/gpio.tmp
2023-05-01 14:18:13,536 [WARN] IPConfigManager:2937 - Warning: the RefConfig PWREx_EnableUSBVoltageDetector is not available in your config.xml file
2023-05-01 14:18:13,551 [INFO] CodeEngine:255 - oldGeneratedFile, /Users/naonao/Desktop/ENGN1650/engn1650-3Dpen-mcu/Pen/Core/Src/stm32l4xx_it.c_save
2023-05-01 14:18:13,877 [INFO] CodeEngine:279 - Generated code: /Users/naonao/Desktop/ENGN1650/engn1650-3Dpen-mcu/Pen/Core/Src/stm32l4xx_it.c
2023-05-01 14:18:13,880 [INFO] CodeEngine:255 - oldGeneratedFile, /Users/naonao/Desktop/ENGN1650/engn1650-3Dpen-mcu/Pen/Core/Inc/stm32l4xx_it.h_save
2023-05-01 14:18:13,949 [INFO] CodeEngine:279 - Generated code: /Users/naonao/Desktop/ENGN1650/engn1650-3Dpen-mcu/Pen/Core/Inc/stm32l4xx_it.h
2023-05-01 14:18:13,956 [INFO] CodeEngine:255 - oldGeneratedFile, /Users/naonao/Desktop/ENGN1650/engn1650-3Dpen-mcu/Pen/Core/Src/stm32l4xx_hal_msp.c_save
2023-05-01 14:18:14,093 [INFO] CodeEngine:279 - Generated code: /Users/naonao/Desktop/ENGN1650/engn1650-3Dpen-mcu/Pen/Core/Src/stm32l4xx_hal_msp.c
2023-05-01 14:18:14,096 [INFO] CodeEngine:255 - oldGeneratedFile, /Users/naonao/Desktop/ENGN1650/engn1650-3Dpen-mcu/Pen/MXTmpFiles/system.tmp_save
2023-05-01 14:18:14,154 [INFO] CodeEngine:279 - Generated code: /Users/naonao/Desktop/ENGN1650/engn1650-3Dpen-mcu/Pen/MXTmpFiles/system.tmp
2023-05-01 14:18:14,160 [INFO] CodeEngine:311 - oldGeneratedFile, /Users/naonao/Desktop/ENGN1650/engn1650-3Dpen-mcu/Pen/Core/Inc/stm32l4xx_hal_conf.h_save
2023-05-01 14:18:14,225 [INFO] CodeEngine:335 - Generated code: /Users/naonao/Desktop/ENGN1650/engn1650-3Dpen-mcu/Pen/Core/Inc/stm32l4xx_hal_conf.h
2023-05-01 14:18:14,264 [WARN] IPConfigManager:3431 - IP not found : USB_OTG
2023-05-01 14:18:14,265 [WARN] CodeGenerator:3754 - IP not found : null
2023-05-01 14:18:14,268 [INFO] CodeEngine:255 - oldGeneratedFile, /Users/naonao/Desktop/ENGN1650/engn1650-3Dpen-mcu/Pen/Core/Inc/main.h_save
2023-05-01 14:18:14,351 [INFO] CodeEngine:279 - Generated code: /Users/naonao/Desktop/ENGN1650/engn1650-3Dpen-mcu/Pen/Core/Inc/main.h
2023-05-01 14:18:14,353 [INFO] CodeEngine:255 - oldGeneratedFile, /Users/naonao/Desktop/ENGN1650/engn1650-3Dpen-mcu/Pen/Core/Src/main.c_save
2023-05-01 14:18:14,477 [INFO] CodeEngine:279 - Generated code: /Users/naonao/Desktop/ENGN1650/engn1650-3Dpen-mcu/Pen/Core/Src/main.c
2023-05-01 14:18:15,110 [INFO] ProjectBuilder:2996 - Time for Copy HAL[1] : 211mS.
2023-05-01 14:18:15,112 [INFO] ProjectBuilder:4304 - Project Generator version: 3.19.2
2023-05-01 14:18:15,362 [INFO] ConfigFileManager:1483 - The Die is : DIE461
2023-05-01 14:18:16,922 [INFO] ProjectBuilder:4505 - Time for Generating toolchain IDE Files: 1809mS.
2023-05-01 14:18:16,922 [INFO] ProjectBuilder:2867 - Time for Copy CMSIS : 0mS.
2023-05-01 14:18:16,924 [INFO] ProjectBuilder:2867 - Time for Copy CMSIS : 0mS.
